00:37:14.208 [main] INFO  com.telran.cheaptrip.tests.TestBase - Start test searchResultPresentwith data []
00:37:15.812 [main] INFO  com.telran.cheaptrip.tests.TestBase - Passed: test method searchResultPresent
00:37:15.813 [main] INFO  com.telran.cheaptrip.tests.TestBase - ==============================
00:37:21.119 [main] INFO  com.telran.cheaptrip.tests.TestBase - Start test searchResultPresentDataProviderwith data [Augsburg, Ancona]
00:37:22.415 [main] INFO  com.telran.cheaptrip.tests.TestBase - Passed: test method searchResultPresentDataProvider
00:37:22.415 [main] INFO  com.telran.cheaptrip.tests.TestBase - ==============================
00:37:28.030 [main] INFO  com.telran.cheaptrip.tests.TestBase - Start test searchResultPresentDataProviderwith data [Berlin, Aosta]
00:37:29.328 [main] INFO  com.telran.cheaptrip.tests.TestBase - Passed: test method searchResultPresentDataProvider
00:37:29.328 [main] INFO  com.telran.cheaptrip.tests.TestBase - ==============================
00:37:34.863 [main] INFO  com.telran.cheaptrip.tests.TestBase - Start test searchResultPresentDataProviderwith data [Bremen, Bologna]
00:37:36.229 [main] INFO  com.telran.cheaptrip.tests.TestBase - Passed: test method searchResultPresentDataProvider
00:37:36.230 [main] INFO  com.telran.cheaptrip.tests.TestBase - ==============================
00:37:42.277 [main] INFO  com.telran.cheaptrip.tests.TestBase - Start test searchResultPresentDataProviderwith data [Dortmund, Catania]
00:37:43.644 [main] INFO  com.telran.cheaptrip.tests.TestBase - Passed: test method searchResultPresentDataProvider
00:37:43.645 [main] INFO  com.telran.cheaptrip.tests.TestBase - ==============================
00:37:48.475 [main] INFO  com.telran.cheaptrip.tests.TestBase - Start test searchResultPresentDataProviderwith data [Dresden, Florence]
00:37:49.863 [main] INFO  com.telran.cheaptrip.tests.TestBase - Passed: test method searchResultPresentDataProvider
00:37:49.866 [main] INFO  com.telran.cheaptrip.tests.TestBase - ==============================
00:37:56.013 [main] INFO  com.telran.cheaptrip.tests.TestBase - Start test searchResultPresentDataProviderwith data [Duesseldorf, Genoa]
00:37:57.273 [main] INFO  com.telran.cheaptrip.tests.TestBase - Passed: test method searchResultPresentDataProvider
00:37:57.274 [main] INFO  com.telran.cheaptrip.tests.TestBase - ==============================
00:38:03.068 [main] INFO  com.telran.cheaptrip.tests.TestBase - Start test searchResultPresentDataProviderwith data [Frankfurt, Milan]
00:38:04.472 [main] INFO  com.telran.cheaptrip.tests.TestBase - Passed: test method searchResultPresentDataProvider
00:38:04.473 [main] INFO  com.telran.cheaptrip.tests.TestBase - ==============================
00:38:14.332 [main] INFO  com.telran.cheaptrip.tests.TestBase - Start test searchResultPresentDataProviderwith data [Hamburg, Olbia]
00:38:16.964 [main] INFO  com.telran.cheaptrip.tests.TestBase - Passed: test method searchResultPresentDataProvider
00:38:16.964 [main] INFO  com.telran.cheaptrip.tests.TestBase - ==============================
00:38:24.070 [main] INFO  com.telran.cheaptrip.tests.TestBase - Start test searchResultPresentDataProviderwith data [Hannover, Palermo]
00:38:29.735 [main] ERROR com.telran.cheaptrip.tests.TestBase - Failed: test method searchResultPresentDataProvider

00:38:29.735 [main] INFO  com.telran.cheaptrip.tests.TestBase - ==============================
00:38:35.386 [main] INFO  com.telran.cheaptrip.tests.TestBase - Start test searchContactswith data []
00:38:36.669 [main] INFO  com.telran.cheaptrip.tests.TestBase - Passed: test method searchContacts
00:38:36.670 [main] INFO  com.telran.cheaptrip.tests.TestBase - ==============================
00:38:43.379 [main] INFO  com.telran.cheaptrip.tests.TestBase - Start test searchRoutewith data []
00:38:45.594 [main] INFO  com.telran.cheaptrip.tests.TestBase - Passed: test method searchRoute
00:38:45.594 [main] INFO  com.telran.cheaptrip.tests.TestBase - ==============================
00:38:52.526 [main] INFO  com.telran.cheaptrip.tests.TestBase - Start test startwith data []
00:38:52.529 [main] INFO  com.telran.cheaptrip.tests.TestBase - Passed: test method start
00:38:52.530 [main] INFO  com.telran.cheaptrip.tests.TestBase - ==============================
00:38:58.349 [main] INFO  com.telran.cheaptrip.tests.TestBase - Start test changeLanguageValidationTestwith data []
00:39:02.675 [main] INFO  com.telran.cheaptrip.tests.TestBase - Passed: test method changeLanguageValidationTest
00:39:02.676 [main] INFO  com.telran.cheaptrip.tests.TestBase - ==============================
00:39:11.208 [main] INFO  com.telran.cheaptrip.tests.TestBase - Start test sloganValidationTestwith data []
00:39:11.617 [main] INFO  com.telran.cheaptrip.tests.TestBase - Passed: test method sloganValidationTest
00:39:11.617 [main] INFO  com.telran.cheaptrip.tests.TestBase - ==============================
